<?xml version="1.0" encoding="UTF-8"?>
<!-- Generated by org.testng.reporters.JUnitReportReporter -->
<testsuite hostname="SadiqR-PC" failures="0" tests="1" name="parallel.BaseClass" time="20.175" errors="0" timestamp="2023-07-22T11:25:01 IST" skipped="0">
  <testcase classname="parallel.BaseClass" name="test1" time="20.175"/>
  <system-out/>
</testsuite> <!-- parallel.BaseClass -->
