<?xml version="1.0" encoding="UTF-8"?>
<!-- Generated by org.testng.reporters.JUnitReportReporter -->
<testsuite hostname="SadiqR-PC" failures="0" tests="2" name="parallel.testparalell" time="29.901" errors="0" timestamp="2023-07-25T00:05:00 IST" skipped="0">
  <testcase classname="parallel.testparalell" name="test2" time="4.431"/>
  <system-out/>
  <testcase classname="parallel.testparalell" name="test1" time="25.470"/>
  <system-out/>
</testsuite> <!-- parallel.testparalell -->
